<?xml version="1.0" encoding="UTF-8" ?>
<testsuite tests="2" failures="0" name="Test.Java.NumberDifferenceTest" time="0.006" errors="0" skipped="0">
  <properties>
    <property name="java.runtime.name" value="Java(TM) SE Runtime Environment"/>
    <property name="java.vm.version" value="16.0.1+9-24"/>
    <property name="sun.boot.library.path" value="C:\PROGRA~1\Java\jdk-16.0.1\bin"/>
    <property name="maven.multiModuleProjectDirectory" value="D:\Politeknik Negeri Bandung\Temporary Kuliah\SWT_T7_CodeCoverage_Quality"/>
    <property name="java.vm.vendor" value="Oracle Corporation"/>
    <property name="java.vendor.url" value="https://java.oracle.com/"/>
    <property name="guice.disable.misplaced.annotation.check" value="true"/>
    <property name="path.separator" value=";"/>
    <property name="java.vm.name" value="Java HotSpot(TM) 64-Bit Server VM"/>
    <property name="sun.os.patch.level" value=""/>
    <property name="user.script" value=""/>
    <property name="user.country" value="ID"/>
    <property name="sun.java.launcher" value="SUN_STANDARD"/>
    <property name="java.vm.specification.name" value="Java Virtual Machine Specification"/>
    <property name="user.dir" value="D:\Politeknik Negeri Bandung\Temporary Kuliah\SWT_T7_CodeCoverage_Quality"/>
    <property name="java.vm.compressedOopsMode" value="32-bit"/>
    <property name="java.runtime.version" value="16.0.1+9-24"/>
    <property name="os.arch" value="amd64"/>
    <property name="java.io.tmpdir" value="C:\Users\Bima\AppData\Local\Temp\"/>
    <property name="line.separator" value="
"/>
    <property name="java.vm.specification.vendor" value="Oracle Corporation"/>
    <property name="user.variant" value=""/>
    <property name="os.name" value="Windows 10"/>
    <property name="classworlds.conf" value="C:\Program_Kuliah\apache-maven-3.8.1\bin\..\bin\m2.conf"/>
    <property name="sun.jnu.encoding" value="Cp1252"/>
    <property name="sonar.login" value="600bbcf90074fdaeb6285873b87c625281f07fa5"/>
    <property name="java.library.path" value="C:\PROGRA~1\Java\jdk-16.0.1\bin;C:\WINDOWS\Sun\Java\bin;C:\WINDOWS\system32;C:\WINDOWS;C:\Program Files\Common Files\Oracle\Java\javapath;D:\Application\OracleDatabase\app\oracle\product\11.2.0\server\bin;C:\ProgramData\Oracle\Java\javapath;D:\Oracle\bin;C:\Program Files\Haskell\bin;C:\Program Files\Haskell Platform\7.10.2\lib\extralibs\bin;C:\Program Files\Haskell Platform\7.10.2\bin;C:\oraclexe\app\oracle\product\11.2.0\server\bin;C:\Program Files (x86)\Common Files\Oracle\Java\javapath;C:\Program Files (x86)\Common Files\Intel\Shared Files\cpp\bin\Intel64;C:\Program Files (x86)\Intel\iCLS Client\;C:\Program Files\Intel\iCLS Client\;C:\Windows\system32;C:\Windows;C:\Windows\System32\Wbem;C:\Windows\System32\WindowsPowerShell\v1.0\;C:\Program Files (x86)\Intel\Intel(R) Management Engine Components\DAL;C:\Program Files\Intel\Intel(R) Management Engine Components\DAL;C:\Program Files (x86)\Intel\Intel(R) Management Engine Components\IPT;C:\Program Files\Intel\Intel(R) Management Engine Components\IPT;C:\Program Files (x86)\NVIDIA Corporation\PhysX\Common;C:\Program Files\Intel\WiFi\bin\;C:\Program Files\Common Files\Intel\WirelessCommon\;C:\Program Files (x86)\AOMEI Backupper;C:\WINDOWS\system32;C:\WINDOWS;C:\WINDOWS\System32\Wbem;C:\WINDOWS\System32\WindowsPowerShell\v1.0\;C:\WINDOWS\System32\OpenSSH\;C:\Program Files\NVIDIA Corporation\NVIDIA NvDLISR;D:\xampp\php;C:\ProgramData\ComposerSetup\bin;C:\WINDOWS\system32;C:\WINDOWS;C:\WINDOWS\System32\Wbem;C:\WINDOWS\System32\WindowsPowerShell\v1.0\;C:\WINDOWS\System32\OpenSSH\;%JAVA_HOME%\bin;C:\Program Files\Git\cmd;D:\Instalan\GitHub\cmder\vendor\git-for-windows\bin;D:\Instalan\GitHub\chromedriver_win32;D:\Instalan\Environment\phantomjs-2.1.1-windows\bin;C:\Program Files\Haskell Platform\7.10.2\mingw\bin;C:\Program Files\swipl\bin;C:\Ruby30-x64\bin;C:\Program_Kuliah\hadoop-2.8.0\bin;C:\Program_Kuliah\hbase-1.4.9\bin;C:\Program_Kuliah\apache-maven-3.8.1\bin;C:\Users\Bima\AppData\Roaming\nvm;C:\Program Files\nodejs;C:\Program_Kuliah\k6\;D:\App Kuliah\sonar-scanner-4.7.0.2747-windows\bin;C:\Ruby30-x64\bin;C:\Users\Bima\AppData\Roaming\cabal\bin;C:\Users\Bima\AppData\Local\Programs\Python\Python38\Scripts\;C:\Users\Bima\AppData\Local\Programs\Python\Python38\;C:\Users\Bima\AppData\Local\Microsoft\WindowsApps;C:\Users\Bima\AppData\Roaming\Composer\vendor\bin;D:\Instalan\GitHub\chromedriver_win32;D:\Instalan\Environment\phantomjs-2.1.1-windows\bin;D:\Application\Microsoft VS Code\bin;C:\Users\Bima\AppData\Local\GitHubDesktop\bin;C:\Users\Bima\AppData\Local\Microsoft\WindowsApps;C:\Users\Bima\AppData\Roaming\npm;C:\Program_Kuliah\apache-maven-3.8.1\bin;C:\Users\Bima\AppData\Roaming\nvm;C:\Program Files\nodejs;D:\App Kuliah\sonar-scanner-4.7.0.2747-windows\bin;;."/>
    <property name="maven.conf" value="C:\Program_Kuliah\apache-maven-3.8.1\bin\../conf"/>
    <property name="jdk.debug" value="release"/>
    <property name="java.class.version" value="60.0"/>
    <property name="java.specification.name" value="Java Platform API Specification"/>
    <property name="sun.management.compiler" value="HotSpot 64-Bit Tiered Compilers"/>
    <property name="os.version" value="10.0"/>
    <property name="library.jansi.path" value="C:\Program_Kuliah\apache-maven-3.8.1\bin\..\lib\jansi-native"/>
    <property name="user.home" value="C:\Users\Bima"/>
    <property name="user.timezone" value="Asia/Jakarta"/>
    <property name="sonar.host.url" value="http://localhost:9000"/>
    <property name="file.encoding" value="Cp1252"/>
    <property name="java.specification.version" value="16"/>
    <property name="sonar.projectKey" value="NumberDiff"/>
    <property name="user.name" value="Bima"/>
    <property name="java.class.path" value="C:\Program_Kuliah\apache-maven-3.8.1\bin\..\boot\plexus-classworlds-2.6.0.jar"/>
    <property name="java.vm.specification.version" value="16"/>
    <property name="sun.arch.data.model" value="64"/>
    <property name="sun.java.command" value="org.codehaus.plexus.classworlds.launcher.Launcher clean verify sonar:sonar \ -Dsonar.projectKey=NumberDiff \ -Dsonar.host.url=http://localhost:9000 \ -Dsonar.login=600bbcf90074fdaeb6285873b87c625281f07fa5"/>
    <property name="java.home" value="C:\PROGRA~1\Java\jdk-16.0.1"/>
    <property name="user.language" value="en"/>
    <property name="java.specification.vendor" value="Oracle Corporation"/>
    <property name="java.vm.info" value="mixed mode, sharing"/>
    <property name="java.version" value="16.0.1"/>
    <property name="java.vendor" value="Oracle Corporation"/>
    <property name="sun.stderr.encoding" value="cp437"/>
    <property name="maven.home" value="C:\Program_Kuliah\apache-maven-3.8.1\bin\.."/>
    <property name="file.separator" value="\"/>
    <property name="java.version.date" value="2021-04-20"/>
    <property name="java.vendor.url.bug" value="https://bugreport.java.com/bugreport/"/>
    <property name="sun.io.unicode.encoding" value="UnicodeLittle"/>
    <property name="sun.cpu.endian" value="little"/>
    <property name="sun.stdout.encoding" value="cp437"/>
    <property name="sun.cpu.isalist" value="amd64"/>
  </properties>
  <testcase classname="Test.Java.NumberDifferenceTest" name="testInputNBilDalamRange_01" time="0.006"/>
  <testcase classname="Test.Java.NumberDifferenceTest" name="testInputNBilLuarRange_01" time="0"/>
</testsuite>